<?xml version="1.0" encoding="UTF-8"?>
<testng-results ignored="0" total="1" passed="1" failed="0" skipped="0">
  <reporter-output>
  </reporter-output>
  <suite started-at="2024-07-06T19:40:06 IST" name="Default suite" finished-at="2024-07-06T19:40:18 IST" duration-ms="11986">
    <groups>
    </groups>
    <test started-at="2024-07-06T19:40:06 IST" name="Default test" finished-at="2024-07-06T19:40:18 IST" duration-ms="11986">
      <class name="testcases.Loginpage">
        <test-method signature="verifypageTitle()[pri:0, instance:testcases.Loginpage@6c64cb25]" started-at="2024-07-06T19:40:06 IST" name="verifypageTitle" finished-at="2024-07-06T19:40:18 IST" duration-ms="11938" status="PASS">
          <reporter-output>
          </reporter-output>
        </test-method> <!-- verifypageTitle -->
      </class> <!-- testcases.Loginpage -->
    </test> <!-- Default test -->
  </suite> <!-- Default suite -->
</testng-results>
